<?xml version="1.0" encoding="UTF-8"?>
<testsuite xmlns:xsi="http://www.w3.org/2001/XMLSchema-instance" xsi:noNamespaceSchemaLocation="https://maven.apache.org/surefire/maven-surefire-plugin/xsd/surefire-test-report.xsd" name="UserServiceTest" time="0.089" tests="7" errors="0" skipped="0" failures="0">
  <properties>
[...]
</properties>
  <testcase name="loginFailIfPasswordIsNotCorrect" classname="UserServiceTest" time="0.011"/>
  <testcase name="usersSizeIfUserAdded" classname="UserServiceTest" time="0.045"/>
  <testcase name="userConvertedToMapById" classname="UserServiceTest" time="0.01"/>
  <testcase name="usersEmptyIfNoUserAdded" classname="UserServiceTest" time="0.003"/>
  <testcase name="throwExceptionIfUsernameOrPasswordIsNull" classname="UserServiceTest" time="0.003"/>
  <testcase name="loginFailIfUserDoesNotExist" classname="UserServiceTest" time="0.002"/>
  <testcase name="loginSuccesIfUserPresent" classname="UserServiceTest" time="0.004"/>
</testsuite>